c:\users\aaron\documents\github\gloryordeath4\gloryordeath4\x64\debug\vc140.pdb
c:\users\aaron\documents\github\gloryordeath4\gloryordeath4\x64\debug\vc140.idb
c:\users\aaron\documents\github\gloryordeath4\gloryordeath4\x64\debug\application.obj
c:\users\aaron\documents\github\gloryordeath4\gloryordeath4\x64\debug\gameobject.obj
c:\users\aaron\documents\github\gloryordeath4\gloryordeath4\x64\debug\inputmanager.obj
c:\users\aaron\documents\github\gloryordeath4\gloryordeath4\x64\debug\main.obj
c:\users\aaron\documents\github\gloryordeath4\gloryordeath4\x64\debug\menu.obj
c:\users\aaron\documents\github\gloryordeath4\gloryordeath4\x64\debug\menubutton.obj
c:\users\aaron\documents\github\gloryordeath4\gloryordeath4\x64\debug\parser.obj
c:\users\aaron\documents\github\gloryordeath4\gloryordeath4\x64\debug\spritemanager.obj
c:\users\aaron\documents\github\gloryordeath4\gloryordeath4\x64\debug\threadmanager.obj
c:\users\aaron\documents\github\gloryordeath4\gloryordeath4\x64\debug\windowmanager.obj
c:\users\aaron\documents\github\gloryordeath4\x64\debug\gloryordeath4.ilk
c:\users\aaron\documents\github\gloryordeath4\x64\debug\gloryordeath4.exe
c:\users\aaron\documents\github\gloryordeath4\x64\debug\gloryordeath4.pdb
c:\users\aaron\documents\github\gloryordeath4\gloryordeath4\x64\debug\menubutton.obj.enc
c:\users\aaron\documents\github\gloryordeath4\gloryordeath4\x64\debug\gloryordeath4.tlog\cl.command.1.tlog
c:\users\aaron\documents\github\gloryordeath4\gloryordeath4\x64\debug\gloryordeath4.tlog\cl.read.1.tlog
c:\users\aaron\documents\github\gloryordeath4\gloryordeath4\x64\debug\gloryordeath4.tlog\cl.write.1.tlog
c:\users\aaron\documents\github\gloryordeath4\gloryordeath4\x64\debug\gloryordeath4.tlog\link.command.1.tlog
c:\users\aaron\documents\github\gloryordeath4\gloryordeath4\x64\debug\gloryordeath4.tlog\link.read.1.tlog
c:\users\aaron\documents\github\gloryordeath4\gloryordeath4\x64\debug\gloryordeath4.tlog\link.write.1.tlog
